<?xml version='1.0' encoding='UTF-8'?>
<testsuites tests="0" time="4" name="ModuleIntegrationTest" failures="0" errors="0">
  <testcase name="ModuleIntegrationTest" time="4" status="OK"/>
</testsuites>